<?xml version="1.0" encoding="UTF-8"?>
<testng-results ignored="0" total="2" passed="1" failed="1" skipped="0">
  <reporter-output>
  </reporter-output>
  <suite started-at="2022-01-14T16:29:19 IST" name="Default suite" finished-at="2022-01-14T16:29:28 IST" duration-ms="8733">
    <groups>
    </groups>
    <test started-at="2022-01-14T16:29:19 IST" name="Default test" finished-at="2022-01-14T16:29:28 IST" duration-ms="8733">
      <class name="verifygoogletest.VerifygoogleTest">
        <test-method is-config="true" signature="startapp()[pri:0, instance:verifygoogletest.VerifygoogleTest@e15b7e8]" started-at="2022-01-14T16:29:19 IST" name="startapp" finished-at="2022-01-14T16:29:24 IST" duration-ms="4299" status="PASS">
          <reporter-output>
          </reporter-output>
        </test-method> <!-- startapp -->
        <test-method signature="checktitle()[pri:0, instance:verifygoogletest.VerifygoogleTest@e15b7e8]" started-at="2022-01-14T16:29:24 IST" name="checktitle" finished-at="2022-01-14T16:29:24 IST" duration-ms="42" status="FAIL">
          <exception class="java.lang.AssertionError">
            <message>
              <![CDATA[expected [google] but found [Google]]]>
            </message>
            <full-stacktrace>
              <![CDATA[java.lang.AssertionError: expected [google] but found [Google]
at org.testng.Assert.fail(Assert.java:110)
at org.testng.Assert.failNotEquals(Assert.java:1413)
at org.testng.Assert.assertEqualsImpl(Assert.java:149)
at org.testng.Assert.assertEquals(Assert.java:131)
at org.testng.Assert.assertEquals(Assert.java:655)
at org.testng.Assert.assertEquals(Assert.java:665)
at verifygoogletest.VerifygoogleTest.checktitle(VerifygoogleTest.java:30)
at java.base/jdk.internal.reflect.NativeMethodAccessorImpl.invoke0(Native Method)
at java.base/jdk.internal.reflect.NativeMethodAccessorImpl.invoke(NativeMethodAccessorImpl.java:62)
at java.base/jdk.internal.reflect.DelegatingMethodAccessorImpl.invoke(DelegatingMethodAccessorImpl.java:43)
at java.base/java.lang.reflect.Method.invoke(Method.java:566)
at org.testng.internal.invokers.MethodInvocationHelper.invokeMethod(MethodInvocationHelper.java:135)
at org.testng.internal.invokers.TestInvoker.invokeMethod(TestInvoker.java:673)
at org.testng.internal.invokers.TestInvoker.invokeTestMethod(TestInvoker.java:220)
at org.testng.internal.invokers.MethodRunner.runInSequence(MethodRunner.java:50)
at org.testng.internal.invokers.TestInvoker$MethodInvocationAgent.invoke(TestInvoker.java:945)
at org.testng.internal.invokers.TestInvoker.invokeTestMethods(TestInvoker.java:193)
at org.testng.internal.invokers.TestMethodWorker.invokeTestMethods(TestMethodWorker.java:146)
at org.testng.internal.invokers.TestMethodWorker.run(TestMethodWorker.java:128)
at java.base/java.util.ArrayList.forEach(ArrayList.java:1541)
at org.testng.TestRunner.privateRun(TestRunner.java:808)
at org.testng.TestRunner.run(TestRunner.java:603)
at org.testng.SuiteRunner.runTest(SuiteRunner.java:429)
at org.testng.SuiteRunner.runSequentially(SuiteRunner.java:423)
at org.testng.SuiteRunner.privateRun(SuiteRunner.java:383)
at org.testng.SuiteRunner.run(SuiteRunner.java:326)
at org.testng.SuiteRunnerWorker.runSuite(SuiteRunnerWorker.java:52)
at org.testng.SuiteRunnerWorker.run(SuiteRunnerWorker.java:95)
at org.testng.TestNG.runSuitesSequentially(TestNG.java:1249)
at org.testng.TestNG.runSuitesLocally(TestNG.java:1169)
at org.testng.TestNG.runSuites(TestNG.java:1092)
at org.testng.TestNG.run(TestNG.java:1060)
at org.testng.remote.AbstractRemoteTestNG.run(AbstractRemoteTestNG.java:115)
at org.testng.remote.RemoteTestNG.initAndRun(RemoteTestNG.java:251)
at org.testng.remote.RemoteTestNG.main(RemoteTestNG.java:77)
]]>
            </full-stacktrace>
          </exception> <!-- java.lang.AssertionError -->
          <reporter-output>
          </reporter-output>
        </test-method> <!-- checktitle -->
        <test-method is-config="true" signature="closebrowser()[pri:0, instance:verifygoogletest.VerifygoogleTest@e15b7e8]" started-at="2022-01-14T16:29:24 IST" name="closebrowser" finished-at="2022-01-14T16:29:25 IST" duration-ms="748" status="PASS">
          <reporter-output>
          </reporter-output>
        </test-method> <!-- closebrowser -->
        <test-method is-config="true" signature="startapp()[pri:0, instance:verifygoogletest.VerifygoogleTest@e15b7e8]" started-at="2022-01-14T16:29:25 IST" name="startapp" finished-at="2022-01-14T16:29:27 IST" duration-ms="2771" status="PASS">
          <reporter-output>
          </reporter-output>
        </test-method> <!-- startapp -->
        <test-method signature="checklogo()[pri:1, instance:verifygoogletest.VerifygoogleTest@e15b7e8]" started-at="2022-01-14T16:29:27 IST" name="checklogo" finished-at="2022-01-14T16:29:27 IST" duration-ms="108" status="PASS">
          <reporter-output>
          </reporter-output>
        </test-method> <!-- checklogo -->
        <test-method is-config="true" signature="closebrowser()[pri:0, instance:verifygoogletest.VerifygoogleTest@e15b7e8]" started-at="2022-01-14T16:29:27 IST" name="closebrowser" finished-at="2022-01-14T16:29:28 IST" duration-ms="713" status="PASS">
          <reporter-output>
          </reporter-output>
        </test-method> <!-- closebrowser -->
      </class> <!-- verifygoogletest.VerifygoogleTest -->
    </test> <!-- Default test -->
  </suite> <!-- Default suite -->
</testng-results>
